  CM2B_MOEAD.cpp
C:\Users\YUTO\Documents\Visual Studio 2019\Projects\emoprojectWin\emoprojectWin\source_code\CM2B_MOEAD.cpp(438,21): warning C4018: '<': signed と unsigned の数値を比較しようとしました。
C:\Users\YUTO\Documents\Visual Studio 2019\Projects\emoprojectWin\emoprojectWin\source_code\CM2B_MOEAD.cpp(499,14): warning C4101: 'i3': ローカル変数は 1 度も使われていません。
C:\Users\YUTO\Documents\Visual Studio 2019\Projects\emoprojectWin\emoprojectWin\source_code\CM2B_MOEAD.cpp(499,18): warning C4101: 'i4': ローカル変数は 1 度も使われていません。
C:\Users\YUTO\Documents\Visual Studio 2019\Projects\emoprojectWin\emoprojectWin\source_code\CM2B_MOEAD.cpp(1141,9): warning C4101: 'alpha': ローカル変数は 1 度も使われていません。
C:\Users\YUTO\Documents\Visual Studio 2019\Projects\emoprojectWin\emoprojectWin\source_code\CM2B_MOEAD.cpp(1140,9): warning C4101: 'beta1': ローカル変数は 1 度も使われていません。
C:\Users\YUTO\Documents\Visual Studio 2019\Projects\emoprojectWin\emoprojectWin\source_code\CM2B_MOEAD.cpp(1142,9): warning C4101: 'beta': ローカル変数は 1 度も使われていません。
C:\Users\YUTO\Documents\Visual Studio 2019\Projects\emoprojectWin\emoprojectWin\source_code\CM2B_MOEAD.cpp(1140,16): warning C4101: 'beta2': ローカル変数は 1 度も使われていません。
C:\Users\YUTO\Documents\Visual Studio 2019\Projects\emoprojectWin\emoprojectWin\source_code\CM2B_MOEAD.cpp(1196,22): warning C4018: '<': signed と unsigned の数値を比較しようとしました。
C:\Users\YUTO\Documents\Visual Studio 2019\Projects\emoprojectWin\emoprojectWin\source_code\CM2B_MOEAD.cpp(1198,21): warning C4018: '<': signed と unsigned の数値を比較しようとしました。
C:\Users\YUTO\Documents\Visual Studio 2019\Projects\emoprojectWin\emoprojectWin\source_code\CM2B_MOEAD.cpp(1201,23): warning C4018: '<': signed と unsigned の数値を比較しようとしました。
C:\Users\YUTO\Documents\Visual Studio 2019\Projects\emoprojectWin\emoprojectWin\source_code\CM2B_MOEAD.cpp(1221,21): warning C4018: '<': signed と unsigned の数値を比較しようとしました。
C:\Users\YUTO\Documents\Visual Studio 2019\Projects\emoprojectWin\emoprojectWin\source_code\CM2B_MOEAD.cpp(1230,20): warning C4018: '<': signed と unsigned の数値を比較しようとしました。
C:\Users\YUTO\Documents\Visual Studio 2019\Projects\emoprojectWin\emoprojectWin\source_code\CM2B_MOEAD.cpp(1233,22): warning C4018: '<': signed と unsigned の数値を比較しようとしました。
C:\Users\YUTO\Documents\Visual Studio 2019\Projects\emoprojectWin\emoprojectWin\source_code\CM2B_MOEAD.cpp(1245,23): warning C4018: '<': signed と unsigned の数値を比較しようとしました。
C:\Users\YUTO\Documents\Visual Studio 2019\Projects\emoprojectWin\emoprojectWin\source_code\CM2B_MOEAD.cpp(1294,21): warning C4018: '<': signed と unsigned の数値を比較しようとしました。
C:\Users\YUTO\Documents\Visual Studio 2019\Projects\emoprojectWin\emoprojectWin\source_code\CM2B_MOEAD.cpp(1297,23): warning C4018: '<': signed と unsigned の数値を比較しようとしました。
C:\Users\YUTO\Documents\Visual Studio 2019\Projects\emoprojectWin\emoprojectWin\source_code\CM2B_MOEAD.cpp(1318,21): warning C4018: '<': signed と unsigned の数値を比較しようとしました。
C:\Users\YUTO\Documents\Visual Studio 2019\Projects\emoprojectWin\emoprojectWin\source_code\CM2B_MOEAD.cpp(1329,20): warning C4018: '<': signed と unsigned の数値を比較しようとしました。
C:\Users\YUTO\Documents\Visual Studio 2019\Projects\emoprojectWin\emoprojectWin\source_code\CM2B_MOEAD.cpp(1334,20): warning C4018: '<': signed と unsigned の数値を比較しようとしました。
C:\Users\YUTO\Documents\Visual Studio 2019\Projects\emoprojectWin\emoprojectWin\source_code\CM2B_MOEAD.cpp(1340,22): warning C4018: '<': signed と unsigned の数値を比較しようとしました。
C:\Users\YUTO\Documents\Visual Studio 2019\Projects\emoprojectWin\emoprojectWin\source_code\CM2B_MOEAD.cpp(1349,22): warning C4018: '<': signed と unsigned の数値を比較しようとしました。
C:\Users\YUTO\Documents\Visual Studio 2019\Projects\emoprojectWin\emoprojectWin\source_code\CM2B_MOEAD.cpp(1356,20): warning C4018: '<': signed と unsigned の数値を比較しようとしました。
C:\Users\YUTO\Documents\Visual Studio 2019\Projects\emoprojectWin\emoprojectWin\source_code\CM2B_MOEAD.cpp(1361,22): warning C4018: '<': signed と unsigned の数値を比較しようとしました。
C:\Users\YUTO\Documents\Visual Studio 2019\Projects\emoprojectWin\emoprojectWin\source_code\CM2B_MOEAD.cpp(1370,22): warning C4018: '<': signed と unsigned の数値を比較しようとしました。
C:\Users\YUTO\Documents\Visual Studio 2019\Projects\emoprojectWin\emoprojectWin\source_code\CM2B_MOEAD.cpp(1381,20): warning C4018: '<': signed と unsigned の数値を比較しようとしました。
C:\Users\YUTO\Documents\Visual Studio 2019\Projects\emoprojectWin\emoprojectWin\source_code\CM2B_MOEAD.cpp(1385,22): warning C4018: '<': signed と unsigned の数値を比較しようとしました。
  CM2B_MOEAD2.cpp
C:\Users\YUTO\Documents\Visual Studio 2019\Projects\emoprojectWin\emoprojectWin\source_code\CM2B_MOEAD.cpp(1399,23): warning C4018: '<': signed と unsigned の数値を比較しようとしました。
C:\Users\YUTO\Documents\Visual Studio 2019\Projects\emoprojectWin\emoprojectWin\source_code\CM2B_MOEAD2.cpp(438,21): warning C4018: '<': signed と unsigned の数値を比較しようとしました。
C:\Users\YUTO\Documents\Visual Studio 2019\Projects\emoprojectWin\emoprojectWin\source_code\CM2B_MOEAD2.cpp(499,14): warning C4101: 'i3': ローカル変数は 1 度も使われていません。
C:\Users\YUTO\Documents\Visual Studio 2019\Projects\emoprojectWin\emoprojectWin\source_code\CM2B_MOEAD2.cpp(499,18): warning C4101: 'i4': ローカル変数は 1 度も使われていません。
C:\Users\YUTO\Documents\Visual Studio 2019\Projects\emoprojectWin\emoprojectWin\source_code\CM2B_MOEAD2.cpp(1141,9): warning C4101: 'alpha': ローカル変数は 1 度も使われていません。
C:\Users\YUTO\Documents\Visual Studio 2019\Projects\emoprojectWin\emoprojectWin\source_code\CM2B_MOEAD2.cpp(1140,9): warning C4101: 'beta1': ローカル変数は 1 度も使われていません。
C:\Users\YUTO\Documents\Visual Studio 2019\Projects\emoprojectWin\emoprojectWin\source_code\CM2B_MOEAD2.cpp(1142,9): warning C4101: 'beta': ローカル変数は 1 度も使われていません。
C:\Users\YUTO\Documents\Visual Studio 2019\Projects\emoprojectWin\emoprojectWin\source_code\CM2B_MOEAD2.cpp(1140,16): warning C4101: 'beta2': ローカル変数は 1 度も使われていません。
C:\Users\YUTO\Documents\Visual Studio 2019\Projects\emoprojectWin\emoprojectWin\source_code\CM2B_MOEAD2.cpp(1196,22): warning C4018: '<': signed と unsigned の数値を比較しようとしました。
C:\Users\YUTO\Documents\Visual Studio 2019\Projects\emoprojectWin\emoprojectWin\source_code\CM2B_MOEAD2.cpp(1198,21): warning C4018: '<': signed と unsigned の数値を比較しようとしました。
C:\Users\YUTO\Documents\Visual Studio 2019\Projects\emoprojectWin\emoprojectWin\source_code\CM2B_MOEAD2.cpp(1201,23): warning C4018: '<': signed と unsigned の数値を比較しようとしました。
C:\Users\YUTO\Documents\Visual Studio 2019\Projects\emoprojectWin\emoprojectWin\source_code\CM2B_MOEAD2.cpp(1221,21): warning C4018: '<': signed と unsigned の数値を比較しようとしました。
C:\Users\YUTO\Documents\Visual Studio 2019\Projects\emoprojectWin\emoprojectWin\source_code\CM2B_MOEAD2.cpp(1230,20): warning C4018: '<': signed と unsigned の数値を比較しようとしました。
C:\Users\YUTO\Documents\Visual Studio 2019\Projects\emoprojectWin\emoprojectWin\source_code\CM2B_MOEAD2.cpp(1233,22): warning C4018: '<': signed と unsigned の数値を比較しようとしました。
C:\Users\YUTO\Documents\Visual Studio 2019\Projects\emoprojectWin\emoprojectWin\source_code\CM2B_MOEAD2.cpp(1245,23): warning C4018: '<': signed と unsigned の数値を比較しようとしました。
C:\Users\YUTO\Documents\Visual Studio 2019\Projects\emoprojectWin\emoprojectWin\source_code\CM2B_MOEAD2.cpp(1294,21): warning C4018: '<': signed と unsigned の数値を比較しようとしました。
C:\Users\YUTO\Documents\Visual Studio 2019\Projects\emoprojectWin\emoprojectWin\source_code\CM2B_MOEAD2.cpp(1297,23): warning C4018: '<': signed と unsigned の数値を比較しようとしました。
C:\Users\YUTO\Documents\Visual Studio 2019\Projects\emoprojectWin\emoprojectWin\source_code\CM2B_MOEAD2.cpp(1318,21): warning C4018: '<': signed と unsigned の数値を比較しようとしました。
C:\Users\YUTO\Documents\Visual Studio 2019\Projects\emoprojectWin\emoprojectWin\source_code\CM2B_MOEAD2.cpp(1329,20): warning C4018: '<': signed と unsigned の数値を比較しようとしました。
C:\Users\YUTO\Documents\Visual Studio 2019\Projects\emoprojectWin\emoprojectWin\source_code\CM2B_MOEAD2.cpp(1334,20): warning C4018: '<': signed と unsigned の数値を比較しようとしました。
C:\Users\YUTO\Documents\Visual Studio 2019\Projects\emoprojectWin\emoprojectWin\source_code\CM2B_MOEAD2.cpp(1340,22): warning C4018: '<': signed と unsigned の数値を比較しようとしました。
C:\Users\YUTO\Documents\Visual Studio 2019\Projects\emoprojectWin\emoprojectWin\source_code\CM2B_MOEAD2.cpp(1349,22): warning C4018: '<': signed と unsigned の数値を比較しようとしました。
C:\Users\YUTO\Documents\Visual Studio 2019\Projects\emoprojectWin\emoprojectWin\source_code\CM2B_MOEAD2.cpp(1356,20): warning C4018: '<': signed と unsigned の数値を比較しようとしました。
C:\Users\YUTO\Documents\Visual Studio 2019\Projects\emoprojectWin\emoprojectWin\source_code\CM2B_MOEAD2.cpp(1361,22): warning C4018: '<': signed と unsigned の数値を比較しようとしました。
C:\Users\YUTO\Documents\Visual Studio 2019\Projects\emoprojectWin\emoprojectWin\source_code\CM2B_MOEAD2.cpp(1370,22): warning C4018: '<': signed と unsigned の数値を比較しようとしました。
C:\Users\YUTO\Documents\Visual Studio 2019\Projects\emoprojectWin\emoprojectWin\source_code\CM2B_MOEAD2.cpp(1381,20): warning C4018: '<': signed と unsigned の数値を比較しようとしました。
C:\Users\YUTO\Documents\Visual Studio 2019\Projects\emoprojectWin\emoprojectWin\source_code\CM2B_MOEAD2.cpp(1385,22): warning C4018: '<': signed と unsigned の数値を比較しようとしました。
C:\Users\YUTO\Documents\Visual Studio 2019\Projects\emoprojectWin\emoprojectWin\source_code\CM2B_MOEAD2.cpp(1399,23): warning C4018: '<': signed と unsigned の数値を比較しようとしました。
  コード生成しています。
  5 of 1532 functions ( 0.3%) were compiled, the rest were copied from previous compilation.
    0 functions were new in current compilation
    17 functions had inline decision re-evaluated but remain unchanged
  コード生成が終了しました。
  emoprojectWin.vcxproj -> C:\Users\YUTO\Documents\Visual Studio 2019\Projects\emoprojectWin\Release\emoprojectWin.exe
